0 info it worked if it ends with ok
1 verbose cli [ 'node', '/usr/local/bin/npm', 'run', 'build:ui' ]
2 info using npm@3.10.3
3 info using node@v0.12.7
4 verbose run-script [ 'prebuild:ui', 'build:ui', 'postbuild:ui' ]
5 info lifecycle gittoken-react-components@0.0.3~prebuild:ui: gittoken-react-components@0.0.3
6 silly lifecycle gittoken-react-components@0.0.3~prebuild:ui: no script for prebuild:ui, continuing
7 info lifecycle gittoken-react-components@0.0.3~build:ui: gittoken-react-components@0.0.3
8 verbose lifecycle gittoken-react-components@0.0.3~build:ui: unsafe-perm in lifecycle true
9 verbose lifecycle gittoken-react-components@0.0.3~build:ui: PATH: /usr/local/lib/node_modules/npm/bin/node-gyp-bin:/Users/ryan/Projects/GitToken/gittoken-react-components/node_modules/.bin:/usr/local/bin:/Users/ryan/.cargo/bin:/usr/local/sbin:/usr/texbin:/usr/local/mysql/bin:/usr/local/Cellar/postgresql/9.5.3/bin:/Users/ryan/.yarn/bin:/Users/ryan/bin:/usr/local/bin:/Users/ryan/.nvm/versions/node/v8.8.1/bin:/Users/ryan/.cargo/bin:/Library/Frameworks/Python.framework/Versions/3.6/bin:/usr/local/bin:/usr/bin:/bin:/usr/sbin:/sbin:/opt/X11/bin:/usr/local/go/bin:/Library/TeX/texbin
10 verbose lifecycle gittoken-react-components@0.0.3~build:ui: CWD: /Users/ryan/Projects/GitToken/gittoken-react-components
11 silly lifecycle gittoken-react-components@0.0.3~build:ui: Args: [ '-c', 'npx webpack --config webpack.config.js' ]
12 silly lifecycle gittoken-react-components@0.0.3~build:ui: Returned: code: 1  signal: null
13 info lifecycle gittoken-react-components@0.0.3~build:ui: Failed to exec build:ui script
14 verbose stack Error: gittoken-react-components@0.0.3 build:ui: `npx webpack --config webpack.config.js`
14 verbose stack Exit status 1
14 verbose stack     at EventEmitter.<anonymous> (/usr/local/lib/node_modules/npm/lib/utils/lifecycle.js:242:16)
14 verbose stack     at EventEmitter.emit (events.js:110:17)
14 verbose stack     at ChildProcess.<anonymous> (/usr/local/lib/node_modules/npm/lib/utils/spawn.js:40:14)
14 verbose stack     at ChildProcess.emit (events.js:110:17)
14 verbose stack     at maybeClose (child_process.js:1015:16)
14 verbose stack     at Process.ChildProcess._handle.onexit (child_process.js:1087:5)
15 verbose pkgid gittoken-react-components@0.0.3
16 verbose cwd /Users/ryan/Projects/GitToken/gittoken-react-components
17 error Darwin 16.7.0
18 error argv "node" "/usr/local/bin/npm" "run" "build:ui"
19 error node v0.12.7
20 error npm  v3.10.3
21 error code ELIFECYCLE
22 error gittoken-react-components@0.0.3 build:ui: `npx webpack --config webpack.config.js`
22 error Exit status 1
23 error Failed at the gittoken-react-components@0.0.3 build:ui script 'npx webpack --config webpack.config.js'.
23 error Make sure you have the latest version of node.js and npm installed.
23 error If you do, this is most likely a problem with the gittoken-react-components package,
23 error not with npm itself.
23 error Tell the author that this fails on your system:
23 error     npx webpack --config webpack.config.js
23 error You can get information on how to open an issue for this project with:
23 error     npm bugs gittoken-react-components
23 error Or if that isn't available, you can get their info via:
23 error     npm owner ls gittoken-react-components
23 error There is likely additional logging output above.
24 verbose exit [ 1, true ]
